#
# There is insufficient memory for the Java Runtime Environment to continue.
# Native memory allocation (mmap) failed to map 134217728 bytes for Failed to commit area from 0x0000000081c00000 to 0x0000000089c00000 of length 134217728.
# Possible reasons:
#   The system is out of physical RAM or swap space
#   The process is running with CompressedOops enabled, and the Java Heap may be blocking the growth of the native heap
# Possible solutions:
#   Reduce memory load on the system
#   Increase physical memory or swap space
#   Check if swap backing store is full
#   Decrease Java heap size (-Xmx/-Xms)
#   Decrease number of Java threads
#   Decrease Java thread stack sizes (-Xss)
#   Set larger code cache with -XX:ReservedCodeCacheSize=
#   JVM is running with Unscaled Compressed Oops mode in which the Java heap is
#     placed in the first 4GB address space. The Java Heap base address is the
#     maximum limit for the native heap growth. Please use -XX:HeapBaseMinAddress
#     to set the Java Heap base and to place the Java Heap above 4GB virtual address.
# This output file may be truncated or incomplete.
#
#  Out of Memory Error (./open/src/hotspot/os/windows/os_windows.cpp:3315), pid=21980, tid=22112
#
# JRE version:  (14.0.1+7) (build )
# Java VM: Java HotSpot(TM) 64-Bit Server VM (14.0.1+7, mixed mode, sharing, tiered, compressed oops, g1 gc, windows-amd64)
# No core dump will be written. Minidumps are not enabled by default on client versions of Windows
#

---------------  S U M M A R Y ------------

Command Line: -javaagent:D:\IntelliJ IDEA 2020.1.2\lib\idea_rt.jar=60675:D:\IntelliJ IDEA 2020.1.2\bin -Dfile.encoding=UTF-8 test81

Host: Intel(R) Core(TM) i5-9500 CPU @ 3.00GHz, 6 cores, 7G,  Windows 10 , 64 bit Build 18362 (10.0.18362.1082)
Time: Sat Oct 17 14:51:34 2020 ?D1¨²¡À¨º¡Á?¨º¡À?? elapsed time: 0 seconds (0d 0h 0m 0s)

---------------  T H R E A D  ---------------

Current thread (0x0000026b27c6d800):  JavaThread "Unknown thread" [_thread_in_vm, id=22112, stack(0x000000ff23700000,0x000000ff23800000)]

Stack: [0x000000ff23700000,0x000000ff23800000]
Native frames: (J=compiled Java code, j=interpreted, Vv=VM code, C=native code)
V  [jvm.dll+0x5f840a]
V  [jvm.dll+0x741e4a]
V  [jvm.dll+0x7435ff]
V  [jvm.dll+0x743c43]
V  [jvm.dll+0x20d288]
V  [jvm.dll+0x5f57ba]
V  [jvm.dll+0x5ea615]
V  [jvm.dll+0x2c7e9c]
V  [jvm.dll+0x2c7cd2]
V  [jvm.dll+0x2cdbbc]
V  [jvm.dll+0x313ff8]
V  [jvm.dll+0x313720]
V  [jvm.dll+0x2a092a]
V  [jvm.dll+0x2a1a79]
V  [jvm.dll+0x71f718]
V  [jvm.dll+0x321c44]
V  [jvm.dll+0x700b0c]
V  [jvm.dll+0x392dff]
V  [jvm.dll+0x394e71]
C  [jli.dll+0x523b]
C  [ucrtbase.dll+0x20e82]
C  [KERNEL32.DLL+0x17bd4]
C  [ntdll.dll+0x6ce51]


---------------  P R O C E S S  ---------------

Threads class SMR info:
_java_thread_list=0x00007ffb6cc03078, length=0, elements={
}

Java Threads: ( => current thread )

Other Threads:
  0x0000026b27cb1000 GCTaskThread "GC Thread#0" [stack: 0x000000ff23800000,0x000000ff23900000] [id=10864]
  0x0000026b27cc2800 ConcurrentGCThread "G1 Main Marker" [stack: 0x000000ff23900000,0x000000ff23a00000] [id=29716]
  0x0000026b27cc4000 ConcurrentGCThread "G1 Conc#0" [stack: 0x000000ff23a00000,0x000000ff23b00000] [id=28752]

[error occurred during error reporting (printing all threads), id 0xc0000005, EXCEPTION_ACCESS_VIOLATION (0xc0000005) at pc=0x00007ffb6c431257]

VM state:not at safepoint (not fully initialized)

VM Mutex/Monitor currently owned by a thread:  ([mutex/lock_event])
[0x0000026b27c69990] Heap_lock - owner thread: 0x0000026b27c6d800

Heap address: 0x0000000081c00000, size: 2020 MB, Compressed Oops mode: 32-bit
Narrow klass base: 0x0000000000000000, Narrow klass shift: 0

GC Heap History (0 events):
No events

Deoptimization events (0 events):
No events

Classes unloaded (0 events):
No events

Classes redefined (0 events):
No events

Internal exceptions (0 events):
No events

Events (2 events):
Event: 0.010 Loaded shared library C:\Program Files\Java\jdk-14.0.1\bin\java.dll
Event: 0.010 Loaded shared library C:\Program Files\Java\jdk-14.0.1\bin\zip.dll


Dynamic libraries:
0x00007ff633c70000 - 0x00007ff633c7f000 	C:\Program Files\Java\jdk-14.0.1\bin\java.exe
0x00007ffbaf280000 - 0x00007ffbaf470000 	C:\Windows\SYSTEM32\ntdll.dll
0x00007ffbae5b0000 - 0x00007ffbae662000 	C:\Windows\System32\KERNEL32.DLL
0x00007ffbacc10000 - 0x00007ffbaceb5000 	C:\Windows\System32\KERNELBASE.dll
0x00007ffbacf70000 - 0x00007ffbad06a000 	C:\Windows\System32\ucrtbase.dll
0x00007ffb95c80000 - 0x00007ffb95c98000 	C:\Program Files\Java\jdk-14.0.1\bin\jli.dll
0x00007ffb963b0000 - 0x00007ffb963c5000 	C:\Program Files\Java\jdk-14.0.1\bin\VCRUNTIME140.dll
0x00007ffbae670000 - 0x00007ffbae713000 	C:\Windows\System32\ADVAPI32.dll
0x00007ffbae790000 - 0x00007ffbae82e000 	C:\Windows\System32\msvcrt.dll
0x00007ffbae8b0000 - 0x00007ffbae947000 	C:\Windows\System32\sechost.dll
0x00007ffbad450000 - 0x00007ffbad570000 	C:\Windows\System32\RPCRT4.dll
0x00007ffbaecb0000 - 0x00007ffbaee45000 	C:\Windows\System32\USER32.dll
0x00007ffbac210000 - 0x00007ffbac231000 	C:\Windows\System32\win32u.dll
0x00007ffb9ee20000 - 0x00007ffb9f0a4000 	C:\Windows\WinSxS\amd64_microsoft.windows.common-controls_6595b64144ccf1df_6.0.18362.1082_none_9e8193e1e45b25c1\COMCTL32.dll
0x00007ffbae950000 - 0x00007ffbae976000 	C:\Windows\System32\GDI32.dll
0x00007ffbad170000 - 0x00007ffbad306000 	C:\Windows\System32\gdi32full.dll
0x00007ffbadb80000 - 0x00007ffbadeb5000 	C:\Windows\System32\combase.dll
0x00007ffbad0d0000 - 0x00007ffbad16e000 	C:\Windows\System32\msvcp_win.dll
0x00007ffbacb90000 - 0x00007ffbacc10000 	C:\Windows\System32\bcryptPrimitives.dll
0x00007ffba79e0000 - 0x00007ffba79ea000 	C:\Windows\SYSTEM32\VERSION.dll
0x00007ffbaf210000 - 0x00007ffbaf23e000 	C:\Windows\System32\IMM32.DLL
0x00007ffb8dcb0000 - 0x00007ffb8dd4b000 	C:\Program Files\Java\jdk-14.0.1\bin\msvcp140.dll
0x00007ffb6c180000 - 0x00007ffb6cc9e000 	C:\Program Files\Java\jdk-14.0.1\bin\server\jvm.dll
0x00007ffbae720000 - 0x00007ffbae728000 	C:\Windows\System32\PSAPI.DLL
0x00007ffb9b2a0000 - 0x00007ffb9b2c4000 	C:\Windows\SYSTEM32\WINMM.dll
0x00007ffba75b0000 - 0x00007ffba75b9000 	C:\Windows\SYSTEM32\WSOCK32.dll
0x00007ffbadb10000 - 0x00007ffbadb7f000 	C:\Windows\System32\WS2_32.dll
0x00007ffba33c0000 - 0x00007ffba33ed000 	C:\Windows\SYSTEM32\WINMMBASE.dll
0x00007ffbac240000 - 0x00007ffbac28a000 	C:\Windows\System32\cfgmgr32.dll
0x00007ffbac150000 - 0x00007ffbac161000 	C:\Windows\System32\kernel.appcore.dll
0x00007ffba0d80000 - 0x00007ffba0d8a000 	C:\Program Files\Java\jdk-14.0.1\bin\jimage.dll
0x00007ffba9f40000 - 0x00007ffbaa134000 	C:\Windows\SYSTEM32\DBGHELP.DLL
0x00007ffba74a0000 - 0x00007ffba74ca000 	C:\Windows\SYSTEM32\dbgcore.DLL
0x00007ffba0cd0000 - 0x00007ffba0cde000 	C:\Program Files\Java\jdk-14.0.1\bin\instrument.dll
0x00007ffb926d0000 - 0x00007ffb926f5000 	C:\Program Files\Java\jdk-14.0.1\bin\java.dll
0x00007ffb929a0000 - 0x00007ffb929b6000 	C:\Program Files\Java\jdk-14.0.1\bin\zip.dll

dbghelp: loaded successfully - version: 4.0.5 - missing functions: none
symbol engine: initialized successfully - sym options: 0x614 - pdb path: .;C:\Program Files\Java\jdk-14.0.1\bin;C:\Windows\SYSTEM32;C:\Windows\WinSxS\amd64_microsoft.windows.common-controls_6595b64144ccf1df_6.0.18362.1082_none_9e8193e1e45b25c1;C:\Program Files\Java\jdk-14.0.1\bin\server

VM Arguments:
jvm_args: -javaagent:D:\IntelliJ IDEA 2020.1.2\lib\idea_rt.jar=60675:D:\IntelliJ IDEA 2020.1.2\bin -Dfile.encoding=UTF-8 
java_command: test81
java_class_path (initial): D:\untitled1\out\production\javaTraining
Launcher Type: SUN_STANDARD

[Global flags]
     intx CICompilerCount                          = 3                                         {product} {ergonomic}
     uint ConcGCThreads                            = 2                                         {product} {ergonomic}
     uint G1ConcRefinementThreads                  = 6                                         {product} {ergonomic}
   size_t G1HeapRegionSize                         = 1048576                                   {product} {ergonomic}
    uintx GCDrainStackTargetSize                   = 64                                        {product} {ergonomic}
   size_t InitialHeapSize                          = 134217728                                 {product} {ergonomic}
   size_t MarkStackSize                            = 4194304                                   {product} {ergonomic}
   size_t MaxHeapSize                              = 2118123520                                {product} {ergonomic}
   size_t MinHeapDeltaBytes                        = 1048576                                   {product} {ergonomic}
   size_t MinHeapSize                              = 8388608                                   {product} {ergonomic}
    uintx NonNMethodCodeHeapSize                   = 5832780                                {pd product} {ergonomic}
    uintx NonProfiledCodeHeapSize                  = 122912730                              {pd product} {ergonomic}
    uintx ProfiledCodeHeapSize                     = 122912730                              {pd product} {ergonomic}
    uintx ReservedCodeCacheSize                    = 251658240                              {pd product} {ergonomic}
     bool SegmentedCodeCache                       = true                                      {product} {ergonomic}
   size_t SoftMaxHeapSize                          = 2118123520                             {manageable} {ergonomic}
     bool UseCompressedClassPointers               = true                                 {lp64_product} {ergonomic}
     bool UseCompressedOops                        = true                                 {lp64_product} {ergonomic}
     bool UseG1GC                                  = true                                      {product} {ergonomic}
     bool UseLargePagesIndividualAllocation        = false                                  {pd product} {ergonomic}

Logging:
Log output configuration:
 #0: stdout all=warning uptime,level,tags
 #1: stderr all=off uptime,level,tags

Environment Variables:
JAVA_HOME=C:\Program Files\Java\jdk-14.0.1
CLASSPATH=.;C:\Program Files\Java\jdk-14.0.1\bin;C:\Program Files\Java\jdk-14.0.1\lib\dt.jar;C:\Program Files\Java\jdk-14.0.1\lib\tools.jar;D:\apache-tomcat-9.0.36\lib\servlet-api.jar;
PATH=D:\apache-maven-3.6.3\bin;D:\apache-tomcat-9.0.36\bin;D:\apache-tomcat-9.0.36\lib;D:\anaconda;D:\anaconda\Library\mingw-w64\bin;D:\anaconda\Library\usr\bin;D:\anaconda\Library\bin;D:\anaconda\Scripts;C:\Program Files (x86)\Python37-32\Scripts\;C:\Program Files (x86)\Python37-32\;C:\Program Files (x86)\Python36-32\Scripts\;C:\Program Files (x86)\Python36-32\;C:\Program Files\Java\jdk-14.0.1\bin;C:\Program Files\Java\jdk-14.0.1\jre\bin;C:\Windows\system32;C:\Windows;C:\Windows\System32\Wbem;C:\Windows\System32\WindowsPowerShell\v1.0\;C:\Windows\System32\OpenSSH\;D:\mikeTex\miktex\bin\x64\;D:\matlab\runtime\win64;D:\matlab\bin;C:\Program Files\Java\jdk-14.0.1\bin;C:\Program Files\Java\jdk-14.0.1\jre\bin;C:\Users\Lenovo\.dnx\bin;C:\Program Files\Microsoft DNX\Dnvm\;C:\Program Files\Microsoft SQL Server\130\Tools\Binn\;D:\nodejs\;D:\googledownload\mysql-8.0.20-winx64\mysql-8.0.20-winx64\bin;D:\Git\cmd;C:\Users\Lenovo\AppData\Local\Microsoft\WindowsApps;D:\PyCharm 2020.1.2\bin;D:\IntelliJ IDEA 2020.1.2\bin;D:\texlive\bin\win32;D:\nodejs\node_global;D:\Microsoft VS Code\bin
USERNAME=Lenovo
OS=Windows_NT
PROCESSOR_IDENTIFIER=Intel64 Family 6 Model 158 Stepping 10, GenuineIntel



---------------  S Y S T E M  ---------------

OS: Windows 10 , 64 bit Build 18362 (10.0.18362.1082)
OS uptime: 36 days 13:13 hours

CPU:total 6 (initial active 6) (6 cores per cpu, 1 threads per core) family 6 model 158 stepping 10, cmov, cx8, fxsr, mmx, sse, sse2, sse3, ssse3, sse4.1, sse4.2, popcnt, avx, avx2, aes, clmul, erms, rtm, 3dnowpref, lzcnt, tsc, tscinvbit, bmi1, bmi2, adx, fma

Memory: 4k page, system-wide physical 8074M (712M free)
TotalPageFile size 23178M (AvailPageFile size 36M)
current process WorkingSet (physical memory assigned to process): 10M, peak: 10M
current process commit charge ("private bytes"): 56M, peak: 184M

vm_info: Java HotSpot(TM) 64-Bit Server VM (14.0.1+7) for windows-amd64 JRE (14.0.1+7), built on Mar  5 2020 10:30:14 by "mach5one" with MS VC++ 15.9 (VS2017)

END.
